TN:
SF:src/gendiff.js
FN:4,(anonymous_0)
FN:10,(anonymous_1)
FNF:2
FNH:2
FNDA:1,(anonymous_0)
FNDA:5,(anonymous_1)
DA:4,1
DA:5,1
DA:6,1
DA:8,1
DA:10,1
DA:11,5
DA:12,2
DA:14,3
DA:15,1
DA:17,2
DA:18,1
DA:20,1
DA:23,1
LF:13
LH:13
BRDA:11,0,0,2
BRDA:11,0,1,3
BRDA:14,1,0,1
BRDA:14,1,1,2
BRDA:17,2,0,1
BRDA:17,2,1,1
BRF:6
BRH:6
end_of_record
TN:
SF:src/parser.js
FN:4,(anonymous_0)
FNF:1
FNH:1
FNDA:2,(anonymous_0)
DA:4,1
DA:5,2
DA:6,2
DA:7,2
DA:9,2
DA:11,2
DA:13,0
LF:7
LH:6
BRDA:9,0,0,2
BRDA:9,0,1,0
BRF:2
BRH:1
end_of_record
